0 info it worked if it ends with ok
1 verbose cli [ '/home/ruansongsong/.nvm/versions/node/v6.9.1/bin/node',
1 verbose cli   '/home/ruansongsong/.nvm/versions/node/v6.9.1/lib/node_modules/cnpm/node_modules/.bin/npm',
1 verbose cli   '--userconfig=/home/ruansongsong/.cnpmrc',
1 verbose cli   '--disturl=https://npm.taobao.org/mirrors/node',
1 verbose cli   '--registry=https://registry.npm.taobao.org',
1 verbose cli   'start' ]
2 info using npm@3.10.9
3 info using node@v6.9.1
4 verbose stack Error: ENOENT: no such file or directory, open '/home/ruansongsong/project/my-learn/http2/package.json'
4 verbose stack     at Error (native)
5 verbose cwd /home/ruansongsong/project/my-learn/http2
6 error Linux 4.4.0-45-generic
7 error argv "/home/ruansongsong/.nvm/versions/node/v6.9.1/bin/node" "/home/ruansongsong/.nvm/versions/node/v6.9.1/lib/node_modules/cnpm/node_modules/.bin/npm" "--userconfig=/home/ruansongsong/.cnpmrc" "--disturl=https://npm.taobao.org/mirrors/node" "--registry=https://registry.npm.taobao.org" "start"
8 error node v6.9.1
9 error npm  v3.10.9
10 error path /home/ruansongsong/project/my-learn/http2/package.json
11 error code ENOENT
12 error errno -2
13 error syscall open
14 error enoent ENOENT: no such file or directory, open '/home/ruansongsong/project/my-learn/http2/package.json'
15 error enoent ENOENT: no such file or directory, open '/home/ruansongsong/project/my-learn/http2/package.json'
15 error enoent This is most likely not a problem with npm itself
15 error enoent and is related to npm not being able to find a file.
16 verbose exit [ -2, true ]
